<?xml version="1.0" encoding="UTF-8"?>
<!-- Generated by org.testng.reporters.JUnitXMLReporter -->
<testsuite ignored="0" hostname="amandeep-Inspiron-3542" failures="0" tests="5" name="Default test" time="0.168" errors="0" timestamp="06 Apr 2019 12:43:28 GMT">
  <testcase classname="second.priority.org.Both_priority_non_prioritized" name="b_method" time="0.071"/>
  <testcase classname="second.priority.org.Both_priority_non_prioritized" name="c_method" time="0.003"/>
  <testcase classname="second.priority.org.Both_priority_non_prioritized" name="e_method" time="0.003"/>
  <testcase classname="second.priority.org.Both_priority_non_prioritized" name="a_method" time="0.002"/>
  <testcase classname="second.priority.org.Both_priority_non_prioritized" name="d_method" time="0.002"/>
</testsuite> <!-- Default test -->
